<?xml version="1.0" encoding="UTF-8"?>
<testng-results skipped="0" failed="0" total="1" passed="1">
  <reporter-output>
  </reporter-output>
  <suite name="Default suite" duration-ms="39949" started-at="2017-10-29T19:22:19Z" finished-at="2017-10-29T19:22:59Z">
    <groups>
    </groups>
    <test name="Default test" duration-ms="39949" started-at="2017-10-29T19:22:19Z" finished-at="2017-10-29T19:22:59Z">
      <class name="tests.SignUpOrSignInTest">
        <test-method status="PASS" signature="setUpBrowser()[pri:0, instance:tests.SignUpOrSignInTest@215be6bb]" name="setUpBrowser" is-config="true" duration-ms="19133" started-at="2017-10-30T00:52:19Z" finished-at="2017-10-30T00:52:38Z">
          <reporter-output>
          </reporter-output>
        </test-method> <!-- setUpBrowser -->
        <test-method status="PASS" signature="verifySignUp()[pri:0, instance:tests.SignUpOrSignInTest@215be6bb]" name="verifySignUp" duration-ms="3228" started-at="2017-10-30T00:52:38Z" finished-at="2017-10-30T00:52:42Z">
          <reporter-output>
          </reporter-output>
        </test-method> <!-- verifySignUp -->
        <test-method status="PASS" signature="closeBrowser()[pri:0, instance:tests.SignUpOrSignInTest@215be6bb]" name="closeBrowser" is-config="true" duration-ms="17558" started-at="2017-10-30T00:52:42Z" finished-at="2017-10-30T00:52:59Z">
          <reporter-output>
          </reporter-output>
        </test-method> <!-- closeBrowser -->
      </class> <!-- tests.SignUpOrSignInTest -->
    </test> <!-- Default test -->
  </suite> <!-- Default suite -->
</testng-results>
